[    0.000000] Initializing cgroup subsys cpuset
[    0.000000] Initializing cgroup subsys cpu
[    0.000000] Initializing cgroup subsys cpuacct
[    0.000000] Linux version 4.4.0-146-generic (buildd@lcy01-amd64-025) (gcc version 5.4.0 20160609 (Ubuntu 5.4.0-6ubuntu1~16.04.10) ) #172-Ubuntu SMP Wed Apr 3 09:00:08 UTC 2019 (Ubuntu 4.4.0-146.172-generic 4.4.177)
[    0.000000] Command line: BOOT_IMAGE=/boot/vmlinuz-4.4.0-146-generic root=LABEL=cloudimg-rootfs ro console=tty1 console=ttyS0
[    0.000000] KERNEL supported cpus:
[    0.000000]   Intel GenuineIntel
[    0.000000]   AMD AuthenticAMD
[    0.000000]   Centaur CentaurHauls
[    0.000000] x86/fpu: xstate_offset[2]:  576, xstate_sizes[2]:  256
[    0.000000] x86/fpu: Supporting XSAVE feature 0x01: 'x87 floating point registers'
[    0.000000] x86/fpu: Supporting XSAVE feature 0x02: 'SSE registers'
[    0.000000] x86/fpu: Supporting XSAVE feature 0x04: 'AVX registers'
[    0.000000] x86/fpu: Enabled xstate features 0x7, context size is 832 bytes, using 'standard' format.
[    0.000000] e820: BIOS-provided physical RAM map:
[    0.000000] BIOS-e820: [mem 0x0000000000000000-0x000000000009fbff] usable
[    0.000000] BIOS-e820: [mem 0x000000000009fc00-0x000000000009ffff] reserved
[    0.000000] BIOS-e820: [mem 0x00000000000f0000-0x00000000000fffff] reserved
[    0.000000] BIOS-e820: [mem 0x0000000000100000-0x000000003ffeffff] usable
[    0.000000] BIOS-e820: [mem 0x000000003fff0000-0x000000003fffffff] ACPI data
[    0.000000] BIOS-e820: [mem 0x00000000fec00000-0x00000000fec00fff] reserved
[    0.000000] BIOS-e820: [mem 0x00000000fee00000-0x00000000fee00fff] reserved
[    0.000000] BIOS-e820: [mem 0x00000000fffc0000-0x00000000ffffffff] reserved
[    0.000000] NX (Execute Disable) protection: active
[    0.000000] SMBIOS 2.5 present.
[    0.000000] Hypervisor detected: KVM
[    0.000000] e820: last_pfn = 0x3fff0 max_arch_pfn = 0x400000000
[    0.000000] MTRR: Disabled
[    0.000000] x86/PAT: MTRRs disabled, skipping PAT initialization too.
[    0.000000] CPU MTRRs all blank - virtualized system.
[    0.000000] x86/PAT: Configuration [0-7]: WB  WT  UC- UC  WB  WT  UC- UC  
[    0.000000] found SMP MP-table at [mem 0x0009fff0-0x0009ffff] mapped at [ffff88000009fff0]
[    0.000000] Scanning 1 areas for low memory corruption
[    0.000000] RAMDISK: [mem 0x362fa000-0x37174fff]
[    0.000000] ACPI: Early table checksum verification disabled
[    0.000000] ACPI: RSDP 0x00000000000E0000 000024 (v02 VBOX  )
[    0.000000] ACPI: XSDT 0x000000003FFF0030 00003C (v01 VBOX   VBOXXSDT 00000001 ASL  00000061)
[    0.000000] ACPI: FACP 0x000000003FFF00F0 0000F4 (v04 VBOX   VBOXFACP 00000001 ASL  00000061)
[    0.000000] ACPI: DSDT 0x000000003FFF0470 0022EA (v02 VBOX   VBOXBIOS 00000002 INTL 20100528)
[    0.000000] ACPI: FACS 0x000000003FFF0200 000040
[    0.000000] ACPI: FACS 0x000000003FFF0200 000040
[    0.000000] ACPI: APIC 0x000000003FFF0240 00005C (v02 VBOX   VBOXAPIC 00000001 ASL  00000061)
[    0.000000] ACPI: SSDT 0x000000003FFF02A0 0001CC (v01 VBOX   VBOXCPUT 00000002 INTL 20100528)
[    0.000000] No NUMA configuration found
[    0.000000] Faking a node at [mem 0x0000000000000000-0x000000003ffeffff]
[    0.000000] NODE_DATA(0) allocated [mem 0x3ffeb000-0x3ffeffff]
[    0.000000] kvm-clock: Using msrs 4b564d01 and 4b564d00
[    0.000000] kvm-clock: cpu 0, msr 0:3ffe3001, primary cpu clock
[    0.000000] kvm-clock: using sched offset of 3730089362 cycles
[    0.000000] clocksource: kvm-clock: mask: 0xffffffffffffffff max_cycles: 0x1cd42e4dffb, max_idle_ns: 881590591483 ns
[    0.000000] Zone ranges:
[    0.000000]   DMA      [mem 0x0000000000001000-0x0000000000ffffff]
[    0.000000]   DMA32    [mem 0x0000000001000000-0x000000003ffeffff]
[    0.000000]   Normal   empty
[    0.000000]   Device   empty
[    0.000000] Movable zone start for each node
[    0.000000] Early memory node ranges
[    0.000000]   node   0: [mem 0x0000000000001000-0x000000000009efff]
[    0.000000]   node   0: [mem 0x0000000000100000-0x000000003ffeffff]
[    0.000000] Initmem setup node 0 [mem 0x0000000000001000-0x000000003ffeffff]
[    0.000000] ACPI: PM-Timer IO Port: 0x4008
[    0.000000] IOAPIC[0]: apic_id 2, version 32, address 0xfec00000, GSI 0-23
[    0.000000] ACPI: INT_SRC_OVR (bus 0 bus_irq 0 global_irq 2 dfl dfl)
[    0.000000] ACPI: INT_SRC_OVR (bus 0 bus_irq 9 global_irq 9 low level)
[    0.000000] Using ACPI (MADT) for SMP configuration information
[    0.000000] smpboot: Allowing 2 CPUs, 0 hotplug CPUs
[    0.000000] PM: Registered nosave memory: [mem 0x00000000-0x00000fff]
[    0.000000] PM: Registered nosave memory: [mem 0x0009f000-0x0009ffff]
[    0.000000] PM: Registered nosave memory: [mem 0x000a0000-0x000effff]
[    0.000000] PM: Registered nosave memory: [mem 0x000f0000-0x000fffff]
[    0.000000] e820: [mem 0x40000000-0xfebfffff] available for PCI devices
[    0.000000] Booting paravirtualized kernel on KVM
[    0.000000] clocksource: refined-jiffies: mask: 0xffffffff max_cycles: 0xffffffff, max_idle_ns: 7645519600211568 ns
[    0.000000] setup_percpu: NR_CPUS:512 nr_cpumask_bits:512 nr_cpu_ids:2 nr_node_ids:1
[    0.000000] PERCPU: Embedded 34 pages/cpu @ffff88003fc00000 s99480 r8192 d31592 u1048576
[    0.000000] Built 1 zonelists in Node order, mobility grouping on.  Total pages: 257912
[    0.000000] Policy zone: DMA32
[    0.000000] Kernel command line: BOOT_IMAGE=/boot/vmlinuz-4.4.0-146-generic root=LABEL=cloudimg-rootfs ro console=tty1 console=ttyS0
[    0.000000] PID hash table entries: 4096 (order: 3, 32768 bytes)
[    0.000000] Memory: 997732K/1048120K available (8609K kernel code, 1334K rwdata, 4028K rodata, 1484K init, 1284K bss, 50388K reserved, 0K cma-reserved)
[    0.000000] SLUB: HWalign=64, Order=0-3, MinObjects=0, CPUs=2, Nodes=1
[    0.000000] Kernel/User page tables isolation: enabled
[    0.000000] Hierarchical RCU implementation.
[    0.000000] 	Build-time adjustment of leaf fanout to 64.
[    0.000000] 	RCU restricting CPUs from NR_CPUS=512 to nr_cpu_ids=2.
[    0.000000] RCU: Adjusting geometry for rcu_fanout_leaf=64, nr_cpu_ids=2
[    0.000000] NR_IRQS:33024 nr_irqs:440 16
[    0.000000] Console: colour VGA+ 80x25
[    0.000000] console [tty1] enabled
[    0.000000] console [ttyS0] enabled
[    0.000000] tsc: Detected 1599.999 MHz processor
[    0.208670] Calibrating delay loop (skipped) preset value.. 3199.99 BogoMIPS (lpj=6399996)
[    0.211624] pid_max: default: 32768 minimum: 301
[    0.213012] ACPI: Core revision 20150930
[    0.215274] ACPI: 2 ACPI AML tables successfully acquired and loaded
[    0.217811] Security Framework initialized
[    0.219175] Yama: becoming mindful.
[    0.220420] AppArmor: AppArmor initialized
[    0.221776] Dentry cache hash table entries: 131072 (order: 8, 1048576 bytes)
[    0.225894] Inode-cache hash table entries: 65536 (order: 7, 524288 bytes)
[    0.228013] Mount-cache hash table entries: 2048 (order: 2, 16384 bytes)
[    0.229974] Mountpoint-cache hash table entries: 2048 (order: 2, 16384 bytes)
[    0.232173] Initializing cgroup subsys io
[    0.233488] Initializing cgroup subsys memory
[    0.234854] Initializing cgroup subsys devices
[    0.236525] Initializing cgroup subsys freezer
[    0.237960] Initializing cgroup subsys net_cls
[    0.239299] Initializing cgroup subsys perf_event
[    0.240837] Initializing cgroup subsys net_prio
[    0.242245] Initializing cgroup subsys hugetlb
[    0.243657] Initializing cgroup subsys pids
[    0.246163] mce: CPU supports 0 MCE banks
[    0.247456] Last level iTLB entries: 4KB 64, 2MB 8, 4MB 8
[    0.249274] Last level dTLB entries: 4KB 64, 2MB 0, 4MB 0, 1GB 4
[    0.251137] Spectre V2 : Mitigation: Full generic retpoline
[    0.252847] Spectre V2 : Spectre v2 / SpectreRSB mitigation: Filling RSB on context switch
[    0.255449] Speculative Store Bypass: Vulnerable
[    0.260139] Freeing SMP alternatives memory: 36K
[    0.268617] ftrace: allocating 32287 entries in 127 pages
[    0.336731] smpboot: APIC(0) Converting physical 0 to logical package 0
[    0.338969] smpboot: Max logical packages: 1
[    0.340788] x2apic enabled
[    0.342012] Switched APIC routing to physical x2apic.
[    0.345077] ..TIMER: vector=0x30 apic1=0 pin1=2 apic2=-1 pin2=-1
[    0.452158] smpboot: CPU0: Intel(R) Core(TM) i5-5250U CPU @ 1.60GHz (family: 0x6, model: 0x3d, stepping: 0x4)
[    0.455646] Performance Events: unsupported p6 CPU model 61 no PMU driver, software events only.
[    0.470449] KVM setup paravirtual spinlock
[    0.472504] x86: Booting SMP configuration:
[    0.473971] .... node  #0, CPUs:      #1
[    0.475429] kvm-clock: cpu 1, msr 0:3ffe3041, secondary cpu clock
[    0.478676] mce: CPU supports 0 MCE banks
[    0.482110] x86: Booted up 1 node, 2 CPUs
[    0.484142] smpboot: Total of 2 processors activated (6399.99 BogoMIPS)
[    0.487235] devtmpfs: initialized
[    0.489794] evm: security.selinux
[    0.490918] evm: security.SMACK64
[    0.492316] evm: security.SMACK64EXEC
[    0.493780] evm: security.SMACK64TRANSMUTE
[    0.495112] evm: security.SMACK64MMAP
[    0.496325] evm: security.ima
[    0.497320] evm: security.capability
[    0.498968] clocksource: jiffies: mask: 0xffffffff max_cycles: 0xffffffff, max_idle_ns: 7645041785100000 ns
[    0.502026] futex hash table entries: 512 (order: 3, 32768 bytes)
[    0.504046] pinctrl core: initialized pinctrl subsystem
[    0.505707] RTC time: 22:02:55, date: 05/14/19
[    0.507508] NET: Registered protocol family 16
[    0.521149] cpuidle: using governor ladder
[    0.533288] cpuidle: using governor menu
[    0.535461] PCCT header not found.
[    0.537539] ACPI: bus type PCI registered
[    0.539629] acpiphp: ACPI Hot Plug PCI Controller Driver version: 0.5
[    0.542874] PCI: Using configuration type 1 for base access
[    0.558714] ACPI: Added _OSI(Module Device)
[    0.561459] ACPI: Added _OSI(Processor Device)
[    0.564073] ACPI: Added _OSI(3.0 _SCP Extensions)
[    0.566442] ACPI: Added _OSI(Processor Aggregator Device)
[    0.569940] ACPI: Executed 1 blocks of module-level executable AML code
[    0.574563] ACPI: Interpreter enabled
[    0.575824] ACPI: (supports S0 S5)
[    0.577015] ACPI: Using IOAPIC for interrupt routing
[    0.578720] PCI: Using host bridge windows from ACPI; if necessary, use "pci=nocrs" and report a bug
[    0.586825] ACPI: PCI Root Bridge [PCI0] (domain 0000 [bus 00-ff])
[    0.588699] acpi PNP0A03:00: _OSC: OS supports [ASPM ClockPM Segments MSI]
[    0.591110] acpi PNP0A03:00: _OSC: not requesting OS control; OS requires [ExtendedConfig ASPM ClockPM MSI]
[    0.594810] acpi PNP0A03:00: fail to add MMCONFIG information, can't access extended PCI configuration space under this bridge.
[    0.598774] PCI host bridge to bus 0000:00
[    0.600071] pci_bus 0000:00: root bus resource [io  0x0000-0x0cf7 window]
[    0.602088] pci_bus 0000:00: root bus resource [io  0x0d00-0xffff window]
[    0.604072] pci_bus 0000:00: root bus resource [mem 0x000a0000-0x000bffff window]
[    0.606608] pci_bus 0000:00: root bus resource [mem 0x40000000-0xfdffffff window]
[    0.609121] pci_bus 0000:00: root bus resource [bus 00-ff]
[    0.614407] pci 0000:00:01.1: legacy IDE quirk: reg 0x10: [io  0x01f0-0x01f7]
[    0.616514] pci 0000:00:01.1: legacy IDE quirk: reg 0x14: [io  0x03f6]
[    0.618393] pci 0000:00:01.1: legacy IDE quirk: reg 0x18: [io  0x0170-0x0177]
[    0.620540] pci 0000:00:01.1: legacy IDE quirk: reg 0x1c: [io  0x0376]
[    0.646513] pci 0000:00:07.0: quirk: [io  0x4000-0x403f] claimed by PIIX4 ACPI
[    0.648930] pci 0000:00:07.0: quirk: [io  0x4100-0x410f] claimed by PIIX4 SMB
[    0.678262] ACPI: PCI Interrupt Link [LNKA] (IRQs 5 9 10 *11)
[    0.681035] ACPI: PCI Interrupt Link [LNKB] (IRQs 5 9 *10 11)
[    0.683558] ACPI: PCI Interrupt Link [LNKC] (IRQs 5 *9 10 11)
[    0.686004] ACPI: PCI Interrupt Link [LNKD] (IRQs 5 9 10 *11)
[    0.688532] ACPI: Enabled 2 GPEs in block 00 to 07
[    0.690654] vgaarb: setting as boot device: PCI:0000:00:02.0
[    0.692409] vgaarb: device added: PCI:0000:00:02.0,decodes=io+mem,owns=io+mem,locks=none
[    0.695040] vgaarb: loaded
[    0.696114] vgaarb: bridge control possible 0000:00:02.0
[    0.698232] SCSI subsystem initialized
[    0.699648] ACPI: bus type USB registered
[    0.701022] usbcore: registered new interface driver usbfs
[    0.702881] usbcore: registered new interface driver hub
[    0.704639] usbcore: registered new device driver usb
[    0.706708] PCI: Using ACPI for IRQ routing
[    0.708514] NetLabel: Initializing
[    0.709608] NetLabel:  domain hash size = 128
[    0.711053] NetLabel:  protocols = UNLABELED CIPSOv4
[    0.714643] NetLabel:  unlabeled traffic allowed by default
[    0.716664] amd_nb: Cannot enumerate AMD northbridges
[    0.718340] clocksource: Switched to clocksource kvm-clock
[    0.729958] AppArmor: AppArmor Filesystem Enabled
[    0.731671] pnp: PnP ACPI init
[    0.734139] pnp: PnP ACPI: found 3 devices
[    0.748041] clocksource: acpi_pm: mask: 0xffffff max_cycles: 0xffffff, max_idle_ns: 2085701024 ns
[    0.751168] NET: Registered protocol family 2
[    0.752786] TCP established hash table entries: 8192 (order: 4, 65536 bytes)
[    0.754871] TCP bind hash table entries: 8192 (order: 5, 131072 bytes)
[    0.756745] TCP: Hash tables configured (established 8192 bind 8192)
[    0.758657] UDP hash table entries: 512 (order: 2, 16384 bytes)
[    0.760473] UDP-Lite hash table entries: 512 (order: 2, 16384 bytes)
[    0.762340] NET: Registered protocol family 1
[    0.763751] pci 0000:00:00.0: Limiting direct PCI/PCI transfers
[    0.765559] pci 0000:00:01.0: Activating ISA DMA hang workarounds
[    0.767629] Unpacking initramfs...
[    1.074955] Freeing initrd memory: 14828K
[    1.077965] RAPL PMU detected, API unit is 2^-32 Joules, 4 fixed counters 10737418240 ms ovfl timer
[    1.085656] hw unit of domain pp0-core 2^-0 Joules
[    1.089421] hw unit of domain package 2^-0 Joules
[    1.092883] hw unit of domain dram 2^-0 Joules
[    1.095791] hw unit of domain pp1-gpu 2^-0 Joules
[    1.099175] platform rtc_cmos: registered platform RTC device (no PNP device found)
[    1.104526] Scanning for low memory corruption every 60 seconds
[    1.109728] audit: initializing netlink subsys (disabled)
[    1.113263] audit: type=2000 audit(1557871381.232:1): initialized
[    1.117382] Initialise system trusted keyring
[    1.120837] HugeTLB registered 2 MB page size, pre-allocated 0 pages
[    1.127952] zbud: loaded
[    1.129408] VFS: Disk quotas dquot_6.6.0
[    1.130799] VFS: Dquot-cache hash table entries: 512 (order 0, 4096 bytes)
[    1.133118] squashfs: version 4.0 (2009/01/31) Phillip Lougher
[    1.135304] fuse init (API version 7.23)
[    1.136851] Key type big_key registered
[    1.138075] Allocating IMA MOK and blacklist keyrings.
[    1.144003] Key type asymmetric registered
[    1.145374] Asymmetric key parser 'x509' registered
[    1.147008] Block layer SCSI generic (bsg) driver version 0.4 loaded (major 249)
[    1.149433] io scheduler noop registered
[    1.150915] io scheduler deadline registered (default)
[    1.152566] io scheduler cfq registered
[    1.153918] pci_hotplug: PCI Hot Plug PCI Core version: 0.5
[    1.155690] pciehp: PCI Express Hot Plug Controller Driver version: 0.4
[    1.158018] ACPI: AC Adapter [AC] (off-line)
[    1.159493] input: Power Button as /devices/LNXSYSTM:00/LNXPWRBN:00/input/input0
[    1.161880] ACPI: Power Button [PWRF]
[    1.163309] input: Sleep Button as /devices/LNXSYSTM:00/LNXSLPBN:00/input/input1
[    1.165668] ACPI: Sleep Button [SLPF]
[    1.167816] GHES: HEST is not enabled!
[    1.169251] ACPI: Battery Slot [BAT0] (battery present)
[    1.171362] Serial: 8250/16550 driver, 32 ports, IRQ sharing enabled
[    1.194150] 00:02: ttyS0 at I/O 0x3f8 (irq = 4, base_baud = 115200) is a 16550A
[    1.201747] Linux agpgart interface v0.103
[    1.205664] loop: module loaded
[    1.207543] scsi host0: ata_piix
[    1.208802] scsi host1: ata_piix
[    1.209967] ata1: PATA max UDMA/33 cmd 0x1f0 ctl 0x3f6 bmdma 0xd000 irq 14
[    1.212105] ata2: PATA max UDMA/33 cmd 0x170 ctl 0x376 bmdma 0xd008 irq 15
[    1.214276] libphy: Fixed MDIO Bus: probed
[    1.215747] tun: Universal TUN/TAP device driver, 1.6
[    1.217436] tun: (C) 1999-2004 Max Krasnyansky <maxk@qualcomm.com>
[    1.219549] PPP generic driver version 2.4.2
[    1.221054] ehci_hcd: USB 2.0 'Enhanced' Host Controller (EHCI) Driver
[    1.222939] ehci-pci: EHCI PCI platform driver
[    1.224526] ehci-platform: EHCI generic platform driver
[    1.226077] ohci_hcd: USB 1.1 'Open' Host Controller (OHCI) Driver
[    1.227988] ohci-pci: OHCI PCI platform driver
[    1.229350] ohci-platform: OHCI generic platform driver
[    1.231087] uhci_hcd: USB Universal Host Controller Interface driver
[    1.232945] i8042: PNP: PS/2 Controller [PNP0303:PS2K,PNP0f03:PS2M] at 0x60,0x64 irq 1,12
[    1.235999] serio: i8042 KBD port at 0x60,0x64 irq 1
[    1.237477] serio: i8042 AUX port at 0x60,0x64 irq 12
[    1.239436] mousedev: PS/2 mouse device common for all mice
[    1.242122] input: AT Translated Set 2 keyboard as /devices/platform/i8042/serio0/input/input2
[    1.246921] rtc_cmos rtc_cmos: rtc core: registered rtc_cmos as rtc0
[    1.248894] rtc_cmos rtc_cmos: alarms up to one day, 114 bytes nvram
[    1.250831] i2c /dev entries driver
[    1.252144] device-mapper: uevent: version 1.0.3
[    1.253708] device-mapper: ioctl: 4.34.0-ioctl (2015-10-28) initialised: dm-devel@redhat.com
[    1.256392] ledtrig-cpu: registered to indicate activity on CPUs
[    1.259283] NET: Registered protocol family 10
[    1.261066] NET: Registered protocol family 17
[    1.263820] Key type dns_resolver registered
[    1.265411] registered taskstats version 1
[    1.266785] Loading compiled-in X.509 certificates
[    1.268907] Loaded X.509 cert 'Build time autogenerated kernel key: 4dcb2dc2c7cf43e0c20c44384f68683c20294489'
[    1.271904] zswap: loaded using pool lzo/zbud
[    1.275978] Key type trusted registered
[    1.282432] Key type encrypted registered
[    1.283956] AppArmor: AppArmor sha1 policy hashing enabled
[    1.285538] ima: No TPM chip found, activating TPM-bypass!
[    1.287292] ima: Allocated hash algorithm: sha1
[    1.288700] evm: HMAC attrs: 0x1
[    1.291013]   Magic number: 3:342:47
[    1.292332] rtc_cmos rtc_cmos: setting system clock to 2019-05-14 22:02:56 UTC (1557871376)
[    1.295207] BIOS EDD facility v0.16 2004-Jun-25, 0 devices found
[    1.297002] EDD information not available.
[    1.372756] Freeing unused kernel memory: 1484K
[    1.374704] Write protecting the kernel read-only data: 14336k
[    1.377964] Freeing unused kernel memory: 1620K
[    1.379648] Freeing unused kernel memory: 68K
Loading, please wait...
starting version 229
[    1.399254] random: systemd-udevd: uninitialized urandom read (16 bytes read, 3 bits of entropy available)
[    1.399706] random: udevadm: uninitialized urandom read (16 bytes read, 3 bits of entropy available)
[    1.399737] random: udevadm: uninitialized urandom read (16 bytes read, 3 bits of entropy available)
[    1.409955] random: udevadm: uninitialized urandom read (16 bytes read, 3 bits of entropy available)
[    1.410003] random: udevadm: uninitialized urandom read (16 bytes read, 3 bits of entropy available)
[    1.410147] random: udevadm: uninitialized urandom read (16 bytes read, 3 bits of entropy available)
[    1.410199] random: udevadm: uninitialized urandom read (16 bytes read, 3 bits of entropy available)
[    1.410251] random: udevadm: uninitialized urandom read (16 bytes read, 3 bits of entropy available)
[    1.410303] random: udevadm: uninitialized urandom read (16 bytes read, 3 bits of entropy available)
[    1.410355] random: udevadm: uninitialized urandom read (16 bytes read, 3 bits of entropy available)
[    1.469820] e1000: Intel(R) PRO/1000 Network Driver - version 7.3.21-k8-NAPI
[    1.472653] e1000: Copyright (c) 1999-2006 Intel Corporation.
[    1.477394] Fusion MPT base driver 3.04.20
[    1.478891] Copyright (c) 1999-2008 LSI Corporation
[    1.490067] Fusion MPT SPI Host driver 3.04.20
[    1.504318] AVX2 version of gcm_enc/dec engaged.
[    1.505806] AES CTR mode by8 optimization enabled
[    1.690755] input: ImExPS/2 Generic Explorer Mouse as /devices/platform/i8042/serio1/input/input4
[    1.909384] e1000 0000:00:03.0 eth0: (PCI:33MHz:32-bit) 02:3a:f4:24:e2:72
[    1.911533] e1000 0000:00:03.0 eth0: Intel(R) PRO/1000 Network Connection
[    1.915354] mptbase: ioc0: Initiating bringup
[    1.991437] ioc0: LSI53C1030 A0: Capabilities={Initiator}
[    2.210948] tsc: Refined TSC clocksource calibration: 1599.624 MHz
[    2.214737] clocksource: tsc: mask: 0xffffffffffffffff max_cycles: 0x170ec1c4359, max_idle_ns: 440795265939 ns
[    2.605366] scsi host2: ioc0: LSI53C1030 A0, FwRev=00000000h, Ports=1, MaxQ=256, IRQ=20
[    3.192935] scsi 2:0:0:0: Direct-Access     VBOX     HARDDISK         1.0  PQ: 0 ANSI: 5
[    3.196368] scsi target2:0:0: Beginning Domain Validation
[    3.201958] scsi target2:0:0: Domain Validation skipping write tests
[    3.204038] scsi target2:0:0: Ending Domain Validation
[    3.205843] scsi target2:0:0: asynchronous
[    3.208141] scsi 2:0:1:0: Direct-Access     VBOX     HARDDISK         1.0  PQ: 0 ANSI: 5
[    3.210761] scsi target2:0:1: Beginning Domain Validation
[    3.224963] scsi target2:0:1: Domain Validation skipping write tests
[    3.227891] scsi target2:0:1: Ending Domain Validation
[    3.230257] scsi target2:0:1: asynchronous
[    3.251892] sd 2:0:0:0: Attached scsi generic sg0 type 0
[    3.254680] sd 2:0:0:0: [sda] 20971520 512-byte logical blocks: (10.7 GB/10.0 GiB)
[    3.258594] sd 2:0:1:0: Attached scsi generic sg1 type 0
[    3.261355] sd 2:0:1:0: [sdb] 20480 512-byte logical blocks: (10.5 MB/10.0 MiB)
[    3.264621] sd 2:0:0:0: [sda] Write Protect is off
[    3.266681] sd 2:0:0:0: [sda] Incomplete mode parameter data
[    3.269175] sd 2:0:0:0: [sda] Assuming drive cache: write through
[    3.271990] sd 2:0:1:0: [sdb] Write Protect is off
[    3.274308] sd 2:0:1:0: [sdb] Incomplete mode parameter data
[    3.276288] sd 2:0:1:0: [sdb] Assuming drive cache: write through
[    3.283245]  sda: sda1
[    3.285970] sd 2:0:1:0: [sdb] Attached SCSI disk
[    3.289148] sd 2:0:0:0: [sda] Attached SCSI disk
[    3.698709] e1000 0000:00:08.0 eth1: (PCI:33MHz:32-bit) 08:00:27:13:b0:07
[    3.700757] e1000 0000:00:08.0 eth1: Intel(R) PRO/1000 Network Connection
[    3.703956] e1000 0000:00:03.0 enp0s3: renamed from eth0
[    3.715478] e1000 0000:00:08.0 enp0s8: renamed from eth1
Begin: Loading essential drivers ... [    5.088152] md: linear personality registered for level -1
[    5.093089] md: multipath personality registered for level -4
[    5.098650] md: raid0 personality registered for level 0
[    5.105152] md: raid1 personality registered for level 1
[    5.178624] raid6: sse2x1   gen()  8488 MB/s
[    5.246520] raid6: sse2x1   xor()  6279 MB/s
[    5.314517] raid6: sse2x2   gen() 10368 MB/s
[    5.382611] raid6: sse2x2   xor()  6825 MB/s
[    5.450565] raid6: sse2x4   gen() 11791 MB/s
[    5.518617] raid6: sse2x4   xor()  8439 MB/s
[    5.586506] raid6: avx2x1   gen() 16206 MB/s
[    5.654557] raid6: avx2x2   gen() 13549 MB/s
[    5.722735] raid6: avx2x4   gen()  8902 MB/s
[    5.724120] raid6: using algorithm avx2x1 gen() 16206 MB/s
[    5.725713] raid6: using avx2x2 recovery algorithm
[    5.728987] xor: automatically using best checksumming function:
[    5.770436]    avx       : 20760.000 MB/sec
[    5.773296] async_tx: api initialized (async)
[    5.794561] md: raid6 personality registered for level 6
[    5.796250] md: raid5 personality registered for level 5
[    5.797785] md: raid4 personality registered for level 4
[    5.807699] md: raid10 personality registered for level 10
done.
Begin: Running /scripts/init-premount ... done.
Begin: Mounting root file system ... Begin: Running /scripts/local-top ... done.
Begin: Running /scripts/local-premount ... [    5.847566] Btrfs loaded
Scanning for Btrfs filesystems
done.
Warning: fsck not present, so skipping root file system
[    5.914168] EXT4-fs (sda1): mounted filesystem with ordered data mode. Opts: (null)
done.
Begin: Running /scripts/local-bottom ... done.
Begin: Running /scripts/init-bottom ... done.
[    6.032218] systemd[1]: systemd 229 running in system mode. (+PAM +AUDIT +SELINUX +IMA +APPARMOR +SMACK +SYSVINIT +UTMP +LIBCRYPTSETUP +GCRYPT +GNUTLS +ACL +XZ -LZ4 +SECCOMP +BLKID +ELFUTILS +KMOD -IDN)
[    6.037805] systemd[1]: Detected virtualization oracle.
[    6.039520] systemd[1]: Detected architecture x86-64.

Welcome to [1mUbuntu 16.04.6 LTS[0m!

[    6.046180] systemd[1]: Set hostname to <ubuntu>.
[    6.053316] systemd[1]: Initializing machine ID from random generator.
[    6.055318] systemd[1]: Installed transient /etc/machine-id file.
[    6.246806] systemd[1]: Listening on /dev/initctl Compatibility Named Pipe.
[[0;32m  OK  [0m] Listening on /dev/initctl Compatibility Named Pipe.
[    6.251192] systemd[1]: Listening on LVM2 metadata daemon socket.
[[0;32m  OK  [0m] Listening on LVM2 metadata daemon socket.
[    6.254948] systemd[1]: Reached target System Time Synchronized.
[[0;32m  OK  [0m] Reached target System Time Synchronized.
[    6.258988] systemd[1]: Set up automount Arbitrary Executable File Formats File System Automount Point.
[[0;32m  OK  [0m] Set up automount Arbitrary Executab...ats File System Automount Point.
[    6.264989] systemd[1]: Started Trigger resolvconf update for networkd DNS.
[[0;32m  OK  [0m] Started Trigger resolvconf update for networkd DNS.
[    6.269162] systemd[1]: Listening on LVM2 poll daemon socket.
[[0;32m  OK  [0m] Listening on LVM2 poll daemon socket.
[    6.272817] systemd[1]: Listening on Device-mapper event daemon FIFOs.
[[0;32m  OK  [0m] Listening on Device-mapper event daemon FIFOs.
[    6.276842] systemd[1]: Reached target User and Group Name Lookups.
[[0;32m  OK  [0m] Reached target User and Group Name Lookups.
[    6.280718] systemd[1]: Listening on Journal Socket.
[[0;32m  OK  [0m] Listening on Journal Socket.
[    6.284002] systemd[1]: Reached target Swap.
[[0;32m  OK  [0m] Reached target Swap.
[    6.287056] systemd[1]: Created slice System Slice.
[[0;32m  OK  [0m] Created slice System Slice.
[    6.310984] systemd[1]: Mounting POSIX Message Queue File System...
         Mounting POSIX Message Queue File System...
[    6.339060] systemd[1]: Starting Load Kernel Modules...
         Starting Load Kernel Modules...
[    6.345280] systemd[1]: Starting Nameserver information manager...
         Starting Nameserver information manager...
[    6.361150] systemd[1]: Starting Create list of required static device nodes for the current kernel...
         Starting Create list of required st... nodes for the current kernel...
[    6.369001] systemd[1]: Created slice system-serial\x2dgetty.slice.
[    6.371268] Loading iSCSI transport class v2.0-870.
[[0;32m  OK  [0m] Created slice system-serial\x2dgetty.slice.
[    6.375716] systemd[1]: Mounting Debug File System...
         Mounting Debug File System...
[    6.382087] systemd[1]: Mounting Huge Pages File System...
         Mounting Huge Pages File System...
[    6.386176] iscsi: registered transport (tcp)
[    6.388063] systemd[1]: Listening on Journal Audit Socket.
[[0;32m  OK  [0m] Listening on Journal Audit Socket.
[    6.393395] systemd[1]: Starting Monitoring of LVM2 mirrors, snapshots etc. using dmeventd or progress polling...
         Starting Monitoring of LVM2 mirrors... dmeventd or progress polling...
[    6.404606] systemd[1]: Starting Set console keymap...
         Starting Set console keymap...
[    6.408552] systemd[1]: Listening on Syslog Socket.
[[0;32m  OK  [0m] Listening on Syslog Socket.
[    6.415440] systemd[1]: Listening on udev Kernel Socket.
[[0;32m  OK  [0m] Listening on udev Kernel Socket.
[    6.420678] systemd[1]: Created slice User and Session Slice.
[[0;32m  OK  [0m] Created slice User and Session Slice.
[    6.425363] systemd[1]: Starting Uncomplicated firewall...
         Starting Uncomplicated firewall...
[    6.429453] systemd[1]: Listening on Journal Socket (/dev/log).
[[0;32m  OK  [0m] Listening on Journal Socket (/dev/log).
[    6.438397] systemd[1]: Starting Journal Service...
         Starting Journal Service...
[    6.442295] systemd[1]: Listening on udev Control Socket.
[[0;32m  OK  [0m] Listening on udev Control Socket.
[    6.458635] systemd[1]: Starting Remount Root and Kernel File Systems...
         Starting Remount Root and Kernel File Systems...
[    6.475732] EXT4-fs (sda1): re-mounted. Opts: (null)
[    6.475849] systemd[1]: Started Forward Password Requests to Wall Directory Watch.
[[0;32m  OK  [0m] Started Forward Password Requests to Wall Directory Watch.
[    6.485137] iscsi: registered transport (iser)
[    6.496519] systemd[1]: Reached target Encrypted Volumes.
[[0;32m  OK  [0m] Reached target Encrypted Volumes.
[    6.525146] systemd[1]: Reached target Slices.
[[0;32m  OK  [0m] Reached target Slices.
[    6.540447] systemd[1]: Mounted POSIX Message Queue File System.
[[0;32m  OK  [0m] Mounted POSIX Message Queue File System.
[    6.546771] systemd[1]: Mounted Debug File System.
[[0;32m  OK  [0m] Mounted Debug File System.
[    6.549662] systemd[1]: Mounted Huge Pages File System.
[[0;32m  OK  [0m] Mounted Huge Pages File System.
[    6.559531] systemd[1]: Started Journal Service.
[[0;32m  OK  [0m] Started Journal Service.
[[0;32m  OK  [0m] Started Load Kernel Modules.
[[0;32m  OK  [0m] Started Create list of required sta...ce nodes for the current kernel.
[[0;32m  OK  [0m] Started Set console keymap.
[[0;32m  OK  [0m] Started Uncomplicated firewall.
[[0;32m  OK  [0m] Started Remount Root and Kernel File Systems.
[[0;32m  OK  [0m] Started Nameserver information manager.
[    6.711988] random: nonblocking pool is initialized
[[0;32m  OK  [0m] Started LVM2 metadata daemon.
         Starting udev Coldplug all Devices...
         Starting Load/Save Random Seed...
         Starting Create Static Device Nodes in /dev...
         Mounting FUSE Control File System...
         Starting Apply Kernel Variables...
         Starting Flush Journal to Persistent Storage...
[[0;32m  OK  [0m] Mounted FUSE Control File System.
[[0;32m  OK  [0m] Started Load/Save Random Seed.
[[0;32m  OK  [0m] Started Create Static Device Nodes in /dev.
[[0;32m  OK  [0m] Started Apply Kernel Variables.
[[0;32m  OK  [0m] Started Flush Journal to Persistent Storage.
[[0;32m  OK  [0m] Started udev Coldplug all Devices.
         Starting udev Kernel Device Manager...
[[0;32m  OK  [0m] Started Monitoring of LVM2 mirrors,...ng dmeventd or progress polling.
[[0;32m  OK  [0m] Reached target Local File Systems (Pre).
[[0;32m  OK  [0m] Reached target Local File Systems.
         Starting Commit a transient machine-id on disk...
         Starting Initial cloud-init job (pre-networking)...
         Starting Tell Plymouth To Write Out Runtime Data...
         Starting LSB: AppArmor initialization...
         Starting Create Volatile Files and Directories...
         Starting Set console font and keymap...
[[0;32m  OK  [0m] Started udev Kernel Device Manager.
[[0;32m  OK  [0m] Started Tell Plymouth To Write Out Runtime Data.
[[0;32m  OK  [0m] Started Dispatch Password Requests to Console Directory Watch.
[[0;32m  OK  [0m] Started Create Volatile Files and Directories.
[[0;32m  OK  [0m] Started Commit a transient machine-id on disk.
         Starting Update UTMP about System Boot/Shutdown...
[[0;32m  OK  [0m] Started Update UTMP about System Boot/Shutdown.
[[0;32m  OK  [0m] Found device /dev/ttyS0.
[[0;32m  OK  [0m] Listening on Load/Save RF Kill Switch Status /dev/rfkill Watch.
[[0;32m  OK  [0m] Started LSB: AppArmor initialization.
[    8.287052] cloud-init[487]: Cloud-init v. 18.5-45-g3554ffe8-0ubuntu1~16.04.1 running 'init-local' at Tue, 14 May 2019 22:03:03 +0000. Up 7.82 seconds.
[[0;32m  OK  [0m] Started Initial cloud-init job (pre-networking).
[[0;32m  OK  [0m] Started Set console font and keymap.
[[0;32m  OK  [0m] Created slice system-getty.slice.
[[0;32m  OK  [0m] Reached target Network (Pre).
         Starting Raise network interfaces...
[[0;32m  OK  [0m] Started Raise network interfaces.
         Starting Initial cloud-init job (metadata service crawler)...
[[0;32m  OK  [0m] Reached target Network.
[   10.125220] cloud-init[957]: Cloud-init v. 18.5-45-g3554ffe8-0ubuntu1~16.04.1 running 'init' at Tue, 14 May 2019 22:03:04 +0000. Up 9.27 seconds.
[   10.130514] cloud-init[957]: ci-info: ++++++++++++++++++++++++++++++++++++++Net device info+++++++++++++++++++++++++++++++++++++++
[   10.135447] cloud-init[957]: ci-info: +--------+-------+----------------------------+---------------+--------+-------------------+
[   10.140390] cloud-init[957]: ci-info: | Device |   Up  |          Address           |      Mask     | Scope  |     Hw-Address    |
[   10.156104] cloud-init[957]: ci-info: +--------+-------+----------------------------+---------------+--------+-------------------+
[   10.160001] cloud-init[957]: ci-info: | enp0s3 |  True |         10.0.2.15          | 255.255.255.0 | global | 02:3a:f4:24:e2:72 |
[   10.163040] cloud-init[957]: ci-info: | enp0s3 |  True | fe80::3a:f4ff:fe24:e272/64 |       .       |  link  | 02:3a:f4:24:e2:72 |
[   10.166759] cloud-init[957]: ci-info: | enp0s8 | False |             .              |       .       |   .    | 08:00:27:13:b0:07 |
[   10.170157] cloud-init[957]: ci-info: |   lo   |  True |         127.0.0.1          |   255.0.0.0   |  host  |         .         |
[   10.174444] cloud-init[957]: ci-info: |   lo   |  True |          ::1/128           |       .       |  host  |         .         |
[   10.185053] cloud-init[957]: ci-info: +--------+-------+----------------------------+---------------+--------+-------------------+
[   10.187928] cloud-init[957]: ci-info: +++++++++++++++++++++++++++Route IPv4 info++++++++++++++++++++++++++++
[   10.190548] cloud-init[957]: ci-info: +-------+-------------+----------+---------------+-----------+-------+
[   10.193380] cloud-init[957]: ci-info: | Route | Destination | Gateway  |    Genmask    | Interface | Flags |
[   10.196844] cloud-init[957]: ci-info: +-------+-------------+----------+---------------+-----------+-------+
[   10.200297] cloud-init[957]: ci-info: |   0   |   0.0.0.0   | 10.0.2.2 |    0.0.0.0    |   enp0s3  |   UG  |
[   10.212843] cloud-init[957]: ci-info: |   1   |   10.0.2.0  | 0.0.0.0  | 255.255.255.0 |   enp0s3  |   U   |
[   10.216464] cloud-init[957]: ci-info: +-------+-------------+----------+---------------+-----------+-------+
[   10.218890] cloud-init[957]: ci-info: +++++++++++++++++++Route IPv6 info+++++++++++++++++++
[   10.221525] cloud-init[957]: ci-info: +-------+-------------+---------+-----------+-------+
[   10.223681] cloud-init[957]: ci-info: | Route | Destination | Gateway | Interface | Flags |
[   10.225862] cloud-init[957]: ci-info: +-------+-------------+---------+-----------+-------+
[   10.228042] cloud-init[957]: ci-info: |   0   |  fe80::/64  |    ::   |   enp0s3  |   U   |
[   10.230280] cloud-init[957]: ci-info: |   3   |   ff00::/8  |    ::   |   enp0s3  |   U   |
[   10.232467] cloud-init[957]: ci-info: +-------+-------------+---------+-----------+-------+
[   10.234737] cloud-init[957]: Generating public/private rsa key pair.
[   10.237233] cloud-init[957]: Your identification has been saved in /etc/ssh/ssh_host_rsa_key.
[   10.240251] cloud-init[957]: Your public key has been saved in /etc/ssh/ssh_host_rsa_key.pub.
[   10.248795] cloud-init[957]: The key fingerprint is:
[   10.257107] cloud-init[957]: SHA256:asNfNmm5VXdXIoROkzIwwH9LRGiYrgPFk48FA8T6e78 root@ubuntu-xenial
[   10.257528] cloud-init[957]: The key's randomart image is:
[   10.260327] cloud-init[957]: +---[RSA 2048]----+
[   10.260798] cloud-init[957]: |++o+.+o+.  o.    |
[   10.261091] cloud-init[957]: | .=.= o.+ =.     |
[   10.263289] cloud-init[957]: |.. * o . = .. . .|
[   10.264248] cloud-init[957]: |o . o . o .  . ..|
[   10.265113] cloud-init[957]: | o .   oS.    . +|
[   10.266958] cloud-init[957]: |  +  . ..  o . .o|
[   10.267969] cloud-init[957]: |   o  =   B .    |
[[0;32m  OK  [0m] [   10.269873] cloud-init[957]: |  . .. o + +     |
[   10.271454] cloud-init[957]: |   . .E.. .      |
[   10.273315] cloud-init[957]: +----[SHA256]-----+
[   10.274398] cloud-init[957]: Generating public/private dsa key pair.
[   10.276513] cloud-init[957]: Your identification has been saved in /etc/ssh/ssh_host_dsa_key.
[   10.278371] cloud-init[957]: Your public key has been saved in /etc/ssh/ssh_host_dsa_key.pub.
[   10.280440] cloud-init[957]: The key fingerprint is:
[   10.283349] Started Initial cloud-init job (metadata service crawler).cloud-init[957]: SHA256:3CT17G13Y1EVkrxxvs4ZwSyxZdAPSzCSQ4/aPXDP8mY root@ubuntu-xenial
[   10.285817] cloud-init[957]: The key's randomart image is:
[   10.288200] cloud-init[957]: +---[DSA 1024]----+
[   10.289029] cloud-init[957]: |         .+.+++.=|
[   10.290376] cloud-init[957]: |         .o* *+=.|
[   10.291425] cloud-init[957]: |        . +.=.%+.|
[   10.293297] cloud-init[957]: |       . * = B.=o|
[   10.294327] cloud-init[957]: |        S o = *o=|
[   10.296278] cloud-init[957]: |             =.+o|
[   10.297183] cloud-init[957]: |              E o|
[   10.298573] cloud-init[957]: |             o + |

[   10.301363] cloud-init[957]: |                 |
[   10.302942] cloud-init[957]: +----[SHA256]-----+
[   10.304721] cloud-init[957]: Generating public/private ecdsa key pair.
[   10.306645] cloud-init[957]: Your identification has been saved in /etc/ssh/ssh_host_ecdsa_key.
[   10.309997] cloud-init[957]: Your public key has been saved in /etc/ssh/ssh_host_ecdsa_key.pub.
[   10.310305] cloud-init[957]: The key fingerprint is:
[   10.313125] cloud-init[957]: SHA256:xWNmECSiH3gBWPpKdc9NvYPIOHi/hn7+xal7hhyNvVA root@ubuntu-xenial
[   10.313769] cloud-init[957]: The key's randomart image is:
[   10.316462] cloud-init[957]: +---[ECDSA 256]---+
[   10.317643] cloud-init[957]: | oo.o ..+.       |
[   10.318403] cloud-init[957]: |.. o o . o.      |
[   10.320331] cloud-init[957]: |. o.o.   .B.     |
[   10.321200] cloud-init[957]: | ..oo.= +=.E.    |
[   10.322982] cloud-init[957]: | ....+ =So=o     |
[   10.324713] cloud-init[957]: |..  . o  +.oo    |
[   10.325665] cloud-init[957]: |.     ... ++.    |
[   10.327323] cloud-init[957]: |     . o.oo+     |
[   10.328387] cloud-init[957]: |    ..+o.++      |
[   10.330190] cloud-init[957]: +----[SHA256]-----+
[   10.331234] cloud-init[957]: Generating public/private ed25519 key pair.
[   10.333081] cloud-init[957]: Your identification has been saved in /etc/ssh/ssh_host_ed25519_key.
[   10.335176] cloud-init[957]: Your public key has been saved in /etc/ssh/ssh_host_ed25519_key.pub.
[   10.338202] cloud-init[957]: The key fingerprint is:
[[   10.340946] cloud-init[957]: SHA256:HyXyKabRREJd3oP7Ba/gmBhN9Pu0P5CtLNAshSZofK4 root@ubuntu-xenial
[   10.341075] cloud-init[957]: The key's randomart image is:
[   10.343733] cloud-init[957]: +--[ED25519 256]--+
[   10.344547] cloud-init[957]: |     .o.o..      |
[   10.345931] cloud-init[957]: |       +.o o     |
[   10.347380] cloud-init[957]: |   . .  +.= =    |
[   10.347764] cloud-init[957]: |    + o=oo.* +   |
[   10.349572] cloud-init[957]: |   . oooS+B .oo  |
[   10.350640] cloud-init[957]: |      .*o*o*o+.  |
[   10.352452] cloud-init[957]: |     .o ooo.=o   |
[   10.354388] cloud-init[957]: |    E     . o..  |
[   10.355093] cloud-init[957]: |           .  .. |
[   10.356943] cloud-init[957]: +----[SHA256]-----+
[0;32m  OK  [0m] Reached target Cloud-config availability.
[[0;32m  OK  [0m] Reached target Network is Online.
         Starting iSCSI initiator daemon (iscsid)...
[[0;32m  OK  [0m] Reached target System Initialization.
[[0;32m  OK  [0m] Started Daily Cleanup of Temporary Directories.
         Starting LXD - unix socket.
[[0;32m  OK  [0m] Listening on D-Bus System Message Bus Socket.
[[0;32m  OK  [0m] Listening on ACPID Listen Socket.
[[0;32m  OK  [0m] Started ACPI Events Check.
[[0;32m  OK  [0m] Reached target Paths.
[[0;32m  OK  [0m] Listening on UUID daemon activation socket.
         Starting Socket activation for snappy daemon.
[[0;32m  OK  [0m] Started Daily apt download activities.
[[0;32m  OK  [0m] Started Daily apt upgrade and clean activities.
[[0;32m  OK  [0m] Reached target Timers.
[[0;32m  OK  [0m] Listening on LXD - unix socket.
[[0;32m  OK  [0m] Listening on Socket activation for snappy daemon.
[[0;32m  OK  [0m] Started iSCSI initiator daemon (iscsid).
         Starting Login to default iSCSI targets...
[[0;32m  OK  [0m] Reached target Sockets.
[[0;32m  OK  [0m] Reached target Basic System.
[[0;32m  OK  [0m] Started Regular background program processing daemon.
[[0;32m  OK  [0m] Started Unattended Upgrades Shutdown.
         Starting Pollinate to seed the pseudo random number generator...
[[0;32m  OK  [0m] Started Deferred execution scheduler.
         Starting Login Service...
         Starting LSB: Record successful boot for GRUB...
         Starting LSB: MD monitoring daemon...
[[0;32m  OK  [0m] Started FUSE filesystem for LXC.
         Starting System Logging Service...
         Starting /etc/rc.local Compatibility...
         Starting Accounts Service...
[[0;32m  OK  [0m] Started D-Bus System Message Bus.
[[0;32m  OK  [0m] Started ACPI event daemon.
         Starting Snappy daemon...
         Starting Virtualbox guest utils...
         Starting LXD - container startup/shutdown...
[[0;32m  OK  [0m] Started System Logging Service.
[[0;32m  OK  [0m] Started /etc/rc.local Compatibility.
[[0;32m  OK  [0m] Started Login to default iSCSI targets.
[[0;32m  OK  [0m] Started LSB: Record successful boot for GRUB.
[[0;32m  OK  [0m] Started LSB: MD monitoring daemon.
[[0;32m  OK  [0m] Started LXD - container startup/shutdown.
         Starting Authenticate and Authorize Users to Run Privileged Tasks...
[[0;32m  OK  [0m] Reached target Remote File Systems (Pre).
[[0;32m  OK  [0m] Reached target Remote File Systems.
         Starting LSB: daemon to balance interrupts for SMP systems...
         Starting LSB: Set the CPU Frequency Scaling governor to "ondemand"...
         Starting Permit User Sessions...
         Starting LSB: automatic crash report generation...
[[0;32m  OK  [0m] Started Permit User Sessions.
[[0;32m  OK  [0m] Started Login Service.
[[0;32m  OK  [0m] Started Authenticate and Authorize Users to Run Privileged Tasks.
[[0;32m  OK  [0m] Started Accounts Service.
         Starting Hold until boot process finishes up...
         Starting Terminate Plymouth Boot Screen...
[[0;32m  OK  [0m] Started LSB: Set the CPU Frequency Scaling governor to "ondemand".
[[0;32m  OK  [0m] Started Hold until boot process finishes up.
[[0;32m  OK  [0m] Started Pollinate to seed the pseudo random number generator.
[[0;32m  OK  [0m] Started Virtualbox guest utils.
[[0;32m  OK  [0m] Started LSB: automatic crash report generation.
[[0;32m  OK  [0m] Started Terminate Plymouth Boot Screen.
[[0;32m  OK  [0m] Started Snappy daemon.
         Starting Wait until snapd is fully seeded...
         Starting OpenBSD Secure Shell server...
         Starting Set console scheme...
[[0;32m  OK  [0m] Started Serial Getty on ttyS0.
[[0;32m  OK  [0m] Started Getty on tty1.
[[0;32m  OK  [0m] Reached target Login Prompts.
[[0;32m  OK  [0m] Started LSB: daemon to balance interrupts for SMP systems.
[[0;32m  OK  [0m] Started Set console scheme.
[[0;32m  OK  [0m] Started OpenBSD Secure Shell server.
[[0;32m  OK  [0m] Started Wait until snapd is fully seeded.
         Starting Apply the settings specified in cloud-config...
[[0;32m  OK  [0m] Reached target Multi-User System.
[[0;32m  OK  [0m] Reached target Graphical Interface.
         Starting Update UTMP about System Runlevel Changes...
[[0;32m  OK  [0m] Started Update UTMP about System Runlevel Changes.
[[0;32m  OK  [0m] Created slice User Slice of vagrant.
         Starting User Manager for UID 1000...
[[0;32m  OK  [0m] Started Session 1 of user vagrant.
[[0;32m  OK  [0m] Started User Manager for UID 1000.
[   12.764720] cloud-init[1285]: Generating locales (this might take a while)...
[   14.111703] cloud-init[1285]:   en_US.UTF-8... done
[   14.113587] cloud-init[1285]: Generation complete.
[   14.630478] cloud-init[1285]: Cloud-init v. 18.5-45-g3554ffe8-0ubuntu1~16.04.1 running 'modules:config' at Tue, 14 May 2019 22:03:08 +0000. Up 12.60 seconds.
[[0;32m  OK  [0m] Started Apply the settings specified in cloud-config.
         Starting Execute cloud user/final scripts...
         Stopping User Manager for UID 1000...
[[0;32m  OK  [0m] Stopped User Manager for UID 1000.
[[0;32m  OK  [0m] Removed slice User Slice of vagrant.
[[0;32m  OK  [0m] Created slice User Slice of vagrant.
         Starting User Manager for UID 1000...
[[0;32m  OK  [0m] Started Session 2 of user vagrant.
[[0;32m  OK  [0m] Started User Manager for UID 1000.
ci-info: no authorized ssh keys fingerprints found for user ubuntu.
<14>May 14 22:03:11 ec2: 
<14>May 14 22:03:11 ec2: #############################################################
<14>May 14 22:03:11 ec2: -----BEGIN SSH HOST KEY FINGERPRINTS-----
<14>May 14 22:03:11 ec2: 1024 SHA256:3CT17G13Y1EVkrxxvs4ZwSyxZdAPSzCSQ4/aPXDP8mY root@ubuntu-xenial (DSA)
<14>May 14 22:03:11 ec2: 256 SHA256:xWNmECSiH3gBWPpKdc9NvYPIOHi/hn7+xal7hhyNvVA root@ubuntu-xenial (ECDSA)
<14>May 14 22:03:11 ec2: 256 SHA256:HyXyKabRREJd3oP7Ba/gmBhN9Pu0P5CtLNAshSZofK4 root@ubuntu-xenial (ED25519)
<14>May 14 22:03:11 ec2: 2048 SHA256:asNfNmm5VXdXIoROkzIwwH9LRGiYrgPFk48FA8T6e78 root@ubuntu-xenial (RSA)
<14>May 14 22:03:11 ec2: -----END SSH HOST KEY FINGERPRINTS-----
<14>May 14 22:03:11 ec2: #############################################################
-----BEGIN SSH HOST KEY KEYS-----
ecdsa-sha2-nistp256 AAAAE2VjZHNhLXNoYTItbmlzdHAyNTYAAAAIbmlzdHAyNTYAAABBBJohHk/eGLtLDFn4WGmPpPuGao8wvxzsMmHyvhFDbKpD1G4tobu2pC3pOQNtAHSSTJcd0wdRDdWlS8YMnlWpvcQ= root@ubuntu-xenial
ssh-ed25519 AAAAC3NzaC1lZDI1NTE5AAAAIPifyKGLo00m+7A/wWTXp0T5BTN+tCp/mi6GeXY9pc2G root@ubuntu-xenial
ssh-rsa AAAAB3NzaC1yc2EAAAADAQABAAABAQC7H0CIQFEANNcRLh9W9+0zfglhqEAsG2AwtJ9roSOwnFr/qOIHI2vwXBr6+7q0+duuQj1QI4tNfEUKuuK8YAVV1SiPv77n9d0MwMyD6PbWfZ8qsD/Bf6LM85Io/7UtsZwDDDFAuQckW17dHcom06pG5PZiahqPnvObrqk77cuhLVsTfAMQi9pr3cGFgOV24q9/wMPVsMNBJvMO75g3wxJXgAe+F7urihuOyax4Abe4oTXSkUIYtu7SXh+xYJjSBeNkZ0ne/mRe5vptmShcJ4IYjAh6W0PX6BZq2KFsqT1yiTXeKt7u/UVSWtJuw01hR1u41fMNB2RsHSOCmD7vsn5f root@ubuntu-xenial
-----END SSH HOST KEY KEYS-----
[   15.592751] cloud-init[1528]: Cloud-init v. 18.5-45-g3554ffe8-0ubuntu1~16.04.1 running 'modules:final' at Tue, 14 May 2019 22:03:10 +0000. Up 15.36 seconds.
[   15.597419] cloud-init[1528]: ci-info: no authorized ssh keys fingerprints found for user ubuntu.
[   15.600583] cloud-init[1528]: Cloud-init v. 18.5-45-g3554ffe8-0ubuntu1~16.04.1 finished at Tue, 14 May 2019 22:03:11 +0000. Datasource DataSourceNoCloud [seed=/dev/sdb][dsmode=net].  Up 15.58 seconds
[[0;32m  OK  [0m] Started Execute cloud user/final scripts.
[[0;32m  OK  [0m] Reached target Cloud-init target.

Ubuntu 16.04.6 LTS ubuntu-xenial ttyS0

ubuntu-xenial login: 